Release 14.4 - xst P.49d (lin64)
Copyright (c) 1995-2012 Xilinx, Inc.  All rights reserved.
--> 
Parameter TMPDIR set to xst/projnav.tmp


Total REAL time to Xst completion: 0.00 secs
Total CPU time to Xst completion: 0.05 secs
 
--> 
Parameter xsthdpdir set to xst


Total REAL time to Xst completion: 0.00 secs
Total CPU time to Xst completion: 0.06 secs
 
--> 
Reading design: top_level.prj

TABLE OF CONTENTS
  1) Synthesis Options Summary
  2) HDL Parsing
  3) HDL Elaboration
  4) HDL Synthesis
       4.1) HDL Synthesis Report
  5) Advanced HDL Synthesis
       5.1) Advanced HDL Synthesis Report
  6) Low Level Synthesis
  7) Partition Report
  8) Design Summary
       8.1) Primitive and Black Box Usage
       8.2) Device utilization summary
       8.3) Partition Resource Summary
       8.4) Timing Report
            8.4.1) Clock Information
            8.4.2) Asynchronous Control Signals Information
            8.4.3) Timing Summary
            8.4.4) Timing Details
            8.4.5) Cross Clock Domains Report


=========================================================================
*                      Synthesis Options Summary                        *
=========================================================================
---- Source Parameters
Input File Name                    : "top_level.prj"
Ignore Synthesis Constraint File   : NO

---- Target Parameters
Output File Name                   : "top_level"
Output Format                      : NGC
Target Device                      : xc6slx16-3-csg324

---- Source Options
Top Module Name                    : top_level
Automatic FSM Extraction           : YES
FSM Encoding Algorithm             : Auto
Safe Implementation                : No
FSM Style                          : LUT
RAM Extraction                     : Yes
RAM Style                          : Auto
ROM Extraction                     : Yes
Shift Register Extraction          : YES
ROM Style                          : Auto
Resource Sharing                   : YES
Asynchronous To Synchronous        : NO
Shift Register Minimum Size        : 2
Use DSP Block                      : Auto
Automatic Register Balancing       : No

---- Target Options
LUT Combining                      : Auto
Reduce Control Sets                : Auto
Add IO Buffers                     : YES
Global Maximum Fanout              : 100000
Add Generic Clock Buffer(BUFG)     : 16
Register Duplication               : YES
Optimize Instantiated Primitives   : NO
Use Clock Enable                   : Auto
Use Synchronous Set                : Auto
Use Synchronous Reset              : Auto
Pack IO Registers into IOBs        : Auto
Equivalent register Removal        : YES

---- General Options
Optimization Goal                  : Speed
Optimization Effort                : 1
Power Reduction                    : NO
Keep Hierarchy                     : No
Netlist Hierarchy                  : As_Optimized
RTL Output                         : Yes
Global Optimization                : AllClockNets
Read Cores                         : YES
Write Timing Constraints           : NO
Cross Clock Analysis               : NO
Hierarchy Separator                : /
Bus Delimiter                      : <>
Case Specifier                     : Maintain
Slice Utilization Ratio            : 100
BRAM Utilization Ratio             : 100
DSP48 Utilization Ratio            : 100
Auto BRAM Packing                  : NO
Slice Utilization Ratio Delta      : 5

=========================================================================


=========================================================================
*                          HDL Parsing                                  *
=========================================================================
Analyzing Verilog file "/home/clems/Xilinx_projects/suites/calculator/displayer.v" into library work
Parsing module <displayer>.
Analyzing Verilog file "/home/clems/Xilinx_projects/suites/calculator/calculator.v" into library work
Parsing module <calculator>.
Analyzing Verilog file "/home/clems/Xilinx_projects/suites/calculator/top_level.v" into library work
Parsing module <operator>.
Parsing module <top_level>.

=========================================================================
*                            HDL Elaboration                            *
=========================================================================

Elaborating module <top_level>.

Elaborating module <displayer>.

Elaborating module <calculator>.

Elaborating module <operator>.
WARNING:HDLCompiler:1499 - "/home/clems/Xilinx_projects/suites/calculator/top_level.v" Line 21: Empty module <operator> remains a black box.

=========================================================================
*                           HDL Synthesis                               *
=========================================================================

Synthesizing Unit <top_level>.
    Related source file is "/home/clems/Xilinx_projects/suites/calculator/top_level.v".
    Summary:
	no macro.
Unit <top_level> synthesized.

Synthesizing Unit <displayer>.
    Related source file is "/home/clems/Xilinx_projects/suites/calculator/displayer.v".
    Found 8-bit register for signal <led_state>.
    Summary:
	inferred   8 D-type flip-flop(s).
Unit <displayer> synthesized.

Synthesizing Unit <calculator>.
    Related source file is "/home/clems/Xilinx_projects/suites/calculator/calculator.v".
    Found 8-bit register for signal <currentValue>.
    Summary:
	inferred   8 D-type flip-flop(s).
Unit <calculator> synthesized.

=========================================================================
HDL Synthesis Report

Macro Statistics
# Registers                                            : 2
 8-bit register                                        : 2

=========================================================================

=========================================================================
*                       Advanced HDL Synthesis                          *
=========================================================================


=========================================================================
Advanced HDL Synthesis Report

Macro Statistics
# Registers                                            : 16
 Flip-Flops                                            : 16

=========================================================================

=========================================================================
*                         Low Level Synthesis                           *
=========================================================================

Optimizing unit <top_level> ...

Optimizing unit <displayer> ...

Optimizing unit <calculator> ...

Mapping all equations...
Building and optimizing final netlist ...
Found area constraint ratio of 100 (+ 5) on block top_level, actual ratio is 0.

Final Macro Processing ...

=========================================================================
Final Register Report

Macro Statistics
# Registers                                            : 16
 Flip-Flops                                            : 16

=========================================================================

=========================================================================
*                           Partition Report                            *
=========================================================================

Partition Implementation Status
-------------------------------

  No Partitions were found in this design.

-------------------------------

=========================================================================
*                            Design Summary                             *
=========================================================================

Top Level Output File Name         : top_level.ngc

Primitive and Black Box Usage:
------------------------------
# BELS                             : 1
#      VCC                         : 1
# FlipFlops/Latches                : 16
#      FD                          : 16
# Clock Buffers                    : 1
#      BUFG                        : 1
# IO Buffers                       : 9
#      IBUF                        : 1
#      OBUF                        : 8
# Others                           : 1
#      operator                    : 1

Device utilization summary:
---------------------------

Selected Device : 6slx16csg324-3 


Slice Logic Utilization: 
 Number of Slice Registers:              16  out of  18224     0%  

Slice Logic Distribution: 
 Number of LUT Flip Flop pairs used:     16
   Number with an unused Flip Flop:       0  out of     16     0%  
   Number with an unused LUT:            16  out of     16   100%  
   Number of fully used LUT-FF pairs:     0  out of     16     0%  
   Number of unique control sets:         1

IO Utilization: 
 Number of IOs:                           9
 Number of bonded IOBs:                   9  out of    232     3%  

Specific Feature Utilization:
 Number of BUFG/BUFGCTRLs:                1  out of     16     6%  

---------------------------
Partition Resource Summary:
---------------------------

  No Partitions were found in this design.

---------------------------


=========================================================================
Timing Report

NOTE: THESE TIMING NUMBERS ARE ONLY A SYNTHESIS ESTIMATE.
      FOR ACCURATE TIMING INFORMATION PLEASE REFER TO THE TRACE REPORT
      GENERATED AFTER PLACE-and-ROUTE.

Clock Information:
------------------
-----------------------------------+------------------------+-------+
Clock Signal                       | Clock buffer(FF name)  | Load  |
-----------------------------------+------------------------+-------+
clk_100MHz                         | IBUF+BUFG              | 16    |
-----------------------------------+------------------------+-------+

Asynchronous Control Signals Information:
----------------------------------------
No asynchronous control signals found in this design

Timing Summary:
---------------
Speed Grade: -3

   Minimum period: 1.128ns (Maximum Frequency: 886.643MHz)
   Minimum input arrival time before clock: 0.681ns
   Maximum output required time after clock: 3.597ns
   Maximum combinational path delay: 1.222ns

Timing Details:
---------------
All values displayed in nanoseconds (ns)

=========================================================================
Timing constraint: Default period analysis for Clock 'clk_100MHz'
  Clock period: 1.128ns (frequency: 886.643MHz)
  Total number of paths / destination ports: 8 / 8
-------------------------------------------------------------------------
Delay:               1.128ns (Levels of Logic = 0)
  Source:            calculator0/currentValue_7 (FF)
  Destination:       displayer0/led_state_7 (FF)
  Source Clock:      clk_100MHz rising
  Destination Clock: clk_100MHz rising

  Data Path: calculator0/currentValue_7 to displayer0/led_state_7
                                Gate     Net
    Cell:in->out      fanout   Delay   Delay  Logical Name (Net Name)
    ----------------------------------------  ------------
     FD:C->Q               1   0.447   0.579  calculator0/currentValue_7 (calculator0/currentValue_7)
     FD:D                      0.102          displayer0/led_state_7
    ----------------------------------------
    Total                      1.128ns (0.549ns logic, 0.579ns route)
                                       (48.7% logic, 51.3% route)

=========================================================================
Timing constraint: Default OFFSET IN BEFORE for Clock 'clk_100MHz'
  Total number of paths / destination ports: 8 / 8
-------------------------------------------------------------------------
Offset:              0.681ns (Levels of Logic = 0)
  Source:            op0:data_out<7> (PAD)
  Destination:       calculator0/currentValue_7 (FF)
  Destination Clock: clk_100MHz rising

  Data Path: op0:data_out<7> to calculator0/currentValue_7
                                Gate     Net
    Cell:in->out      fanout   Delay   Delay  Logical Name (Net Name)
    ----------------------------------------  ------------
    operator:data_out<7>    1   0.000   0.579  op0 (operation_result<7>)
     FD:D                      0.102          calculator0/currentValue_7
    ----------------------------------------
    Total                      0.681ns (0.102ns logic, 0.579ns route)
                                       (15.0% logic, 85.0% route)

=========================================================================
Timing constraint: Default OFFSET OUT AFTER for Clock 'clk_100MHz'
  Total number of paths / destination ports: 16 / 16
-------------------------------------------------------------------------
Offset:              3.597ns (Levels of Logic = 1)
  Source:            displayer0/led_state_7 (FF)
  Destination:       led_out<7> (PAD)
  Source Clock:      clk_100MHz rising

  Data Path: displayer0/led_state_7 to led_out<7>
                                Gate     Net
    Cell:in->out      fanout   Delay   Delay  Logical Name (Net Name)
    ----------------------------------------  ------------
     FD:C->Q               1   0.447   0.579  displayer0/led_state_7 (displayer0/led_state_7)
     OBUF:I->O                 2.571          led_out_7_OBUF (led_out<7>)
    ----------------------------------------
    Total                      3.597ns (3.018ns logic, 0.579ns route)
                                       (83.9% logic, 16.1% route)

=========================================================================
Timing constraint: Default path analysis
  Total number of paths / destination ports: 1 / 1
-------------------------------------------------------------------------
Delay:               1.222ns (Levels of Logic = 1)
  Source:            clk_100MHz (PAD)
  Destination:       op0:clk_100MHz (PAD)

  Data Path: clk_100MHz to op0:clk_100MHz
                                Gate     Net
    Cell:in->out      fanout   Delay   Delay  Logical Name (Net Name)
    ----------------------------------------  ------------
     IBUF:I->O             0   1.222   0.000  clk_100MHz_IBUF (clk_100MHz_IBUF)
    operator:clk_100MHz        0.000          op0
    ----------------------------------------
    Total                      1.222ns (1.222ns logic, 0.000ns route)
                                       (100.0% logic, 0.0% route)

=========================================================================

Cross Clock Domains Report:
--------------------------

Clock to Setup on destination clock clk_100MHz
---------------+---------+---------+---------+---------+
               | Src:Rise| Src:Fall| Src:Rise| Src:Fall|
Source Clock   |Dest:Rise|Dest:Rise|Dest:Fall|Dest:Fall|
---------------+---------+---------+---------+---------+
clk_100MHz     |    1.128|         |         |         |
---------------+---------+---------+---------+---------+

=========================================================================


Total REAL time to Xst completion: 6.00 secs
Total CPU time to Xst completion: 5.35 secs
 
--> 


Total memory usage is 384256 kilobytes

Number of errors   :    0 (   0 filtered)
Number of warnings :    1 (   0 filtered)
Number of infos    :    0 (   0 filtered)

