Release 14.4 - xst P.49d (lin64)
Copyright (c) 1995-2012 Xilinx, Inc.  All rights reserved.
--> 
Parameter TMPDIR set to xst/projnav.tmp


Total REAL time to Xst completion: 0.00 secs
Total CPU time to Xst completion: 0.07 secs
 
--> 
Parameter xsthdpdir set to xst


Total REAL time to Xst completion: 0.00 secs
Total CPU time to Xst completion: 0.07 secs
 
--> 
Reading design: operator.prj

TABLE OF CONTENTS
  1) Synthesis Options Summary
  2) HDL Parsing
  3) HDL Elaboration
  4) HDL Synthesis
       4.1) HDL Synthesis Report
  5) Advanced HDL Synthesis
       5.1) Advanced HDL Synthesis Report
  6) Low Level Synthesis
  7) Partition Report
  8) Design Summary
       8.1) Primitive and Black Box Usage
       8.2) Device utilization summary
       8.3) Partition Resource Summary
       8.4) Timing Report
            8.4.1) Clock Information
            8.4.2) Asynchronous Control Signals Information
            8.4.3) Timing Summary
            8.4.4) Timing Details
            8.4.5) Cross Clock Domains Report


=========================================================================
*                      Synthesis Options Summary                        *
=========================================================================
---- Source Parameters
Input File Name                    : "operator.prj"
Ignore Synthesis Constraint File   : NO

---- Target Parameters
Output File Name                   : "operator"
Output Format                      : NGC
Target Device                      : xc6slx16-3-csg324

---- Source Options
Top Module Name                    : operator
Automatic FSM Extraction           : YES
FSM Encoding Algorithm             : Auto
Safe Implementation                : No
FSM Style                          : LUT
RAM Extraction                     : Yes
RAM Style                          : Auto
ROM Extraction                     : Yes
Shift Register Extraction          : YES
ROM Style                          : Auto
Resource Sharing                   : YES
Asynchronous To Synchronous        : NO
Shift Register Minimum Size        : 2
Use DSP Block                      : Auto
Automatic Register Balancing       : No

---- Target Options
LUT Combining                      : Auto
Reduce Control Sets                : Auto
Add IO Buffers                     : NO
Global Maximum Fanout              : 100000
Add Generic Clock Buffer(BUFG)     : 16
Register Duplication               : YES
Optimize Instantiated Primitives   : NO
Use Clock Enable                   : Auto
Use Synchronous Set                : Auto
Use Synchronous Reset              : Auto
Pack IO Registers into IOBs        : Auto
Equivalent register Removal        : YES

---- General Options
Optimization Goal                  : Speed
Optimization Effort                : 1
Power Reduction                    : NO
Keep Hierarchy                     : No
Netlist Hierarchy                  : As_Optimized
RTL Output                         : Yes
Global Optimization                : AllClockNets
Read Cores                         : YES
Write Timing Constraints           : NO
Cross Clock Analysis               : NO
Hierarchy Separator                : /
Bus Delimiter                      : <>
Case Specifier                     : Maintain
Slice Utilization Ratio            : 100
BRAM Utilization Ratio             : 100
DSP48 Utilization Ratio            : 100
Auto BRAM Packing                  : NO
Slice Utilization Ratio Delta      : 5

=========================================================================


=========================================================================
*                          HDL Parsing                                  *
=========================================================================
Analyzing Verilog file "/home/clems/Xilinx_projects/suites/decrement/clk_divisor.v" into library work
Parsing module <clk_divisor>.
Analyzing Verilog file "/home/clems/Xilinx_projects/suites/decrement/operator.v" into library work
Parsing module <operator>.

=========================================================================
*                            HDL Elaboration                            *
=========================================================================

Elaborating module <operator>.

Elaborating module <clk_divisor(divisor=10000000)>.
WARNING:HDLCompiler:413 - "/home/clems/Xilinx_projects/suites/decrement/clk_divisor.v" Line 35: Result of 28-bit expression is truncated to fit in 27-bit target.
WARNING:HDLCompiler:413 - "/home/clems/Xilinx_projects/suites/decrement/operator.v" Line 34: Result of 32-bit expression is truncated to fit in 8-bit target.

=========================================================================
*                           HDL Synthesis                               *
=========================================================================

Synthesizing Unit <operator>.
    Related source file is "/home/clems/Xilinx_projects/suites/decrement/operator.v".
    Found 8-bit register for signal <data_out>.
    Found 8-bit subtractor for signal <GND_1_o_GND_1_o_sub_2_OUT<7:0>> created at line 34.
    Summary:
	inferred   1 Adder/Subtractor(s).
	inferred   8 D-type flip-flop(s).
Unit <operator> synthesized.

Synthesizing Unit <clk_divisor>.
    Related source file is "/home/clems/Xilinx_projects/suites/decrement/clk_divisor.v".
        divisor = 10000000
    Found 27-bit register for signal <counter>.
    Found 1-bit register for signal <clk_out>.
    Found 27-bit adder for signal <counter[26]_GND_2_o_add_2_OUT> created at line 35.
    Summary:
	inferred   1 Adder/Subtractor(s).
	inferred  28 D-type flip-flop(s).
Unit <clk_divisor> synthesized.

=========================================================================
HDL Synthesis Report

Macro Statistics
# Adders/Subtractors                                   : 2
 27-bit adder                                          : 1
 8-bit subtractor                                      : 1
# Registers                                            : 3
 1-bit register                                        : 1
 27-bit register                                       : 1
 8-bit register                                        : 1

=========================================================================

=========================================================================
*                       Advanced HDL Synthesis                          *
=========================================================================


Synthesizing (advanced) Unit <clk_divisor>.
The following registers are absorbed into counter <counter>: 1 register on signal <counter>.
Unit <clk_divisor> synthesized (advanced).

=========================================================================
Advanced HDL Synthesis Report

Macro Statistics
# Adders/Subtractors                                   : 1
 8-bit subtractor                                      : 1
# Counters                                             : 1
 27-bit up counter                                     : 1
# Registers                                            : 9
 Flip-Flops                                            : 9

=========================================================================

=========================================================================
*                         Low Level Synthesis                           *
=========================================================================

Optimizing unit <operator> ...

Mapping all equations...
Building and optimizing final netlist ...
Found area constraint ratio of 100 (+ 5) on block operator, actual ratio is 0.

Final Macro Processing ...

=========================================================================
Final Register Report

Macro Statistics
# Registers                                            : 36
 Flip-Flops                                            : 36

=========================================================================

=========================================================================
*                           Partition Report                            *
=========================================================================

Partition Implementation Status
-------------------------------

  No Partitions were found in this design.

-------------------------------

=========================================================================
*                            Design Summary                             *
=========================================================================

Top Level Output File Name         : operator.ngc

Primitive and Black Box Usage:
------------------------------
# BELS                             : 129
#      GND                         : 1
#      INV                         : 2
#      LUT1                        : 26
#      LUT2                        : 2
#      LUT3                        : 4
#      LUT4                        : 1
#      LUT5                        : 1
#      LUT6                        : 38
#      MUXCY                       : 26
#      VCC                         : 1
#      XORCY                       : 27
# FlipFlops/Latches                : 36
#      FD                          : 28
#      FDE                         : 8

Device utilization summary:
---------------------------

Selected Device : 6slx16csg324-3 


Slice Logic Utilization: 
 Number of Slice Registers:              36  out of  18224     0%  
 Number of Slice LUTs:                   74  out of   9112     0%  
    Number used as Logic:                74  out of   9112     0%  

Slice Logic Distribution: 
 Number of LUT Flip Flop pairs used:     74
   Number with an unused Flip Flop:      38  out of     74    51%  
   Number with an unused LUT:             0  out of     74     0%  
   Number of fully used LUT-FF pairs:    36  out of     74    48%  
   Number of unique control sets:         2

IO Utilization: 
 Number of IOs:                          18
 Number of bonded IOBs:                   0  out of    232     0%  

Specific Feature Utilization:

---------------------------
Partition Resource Summary:
---------------------------

  No Partitions were found in this design.

---------------------------


=========================================================================
Timing Report

NOTE: THESE TIMING NUMBERS ARE ONLY A SYNTHESIS ESTIMATE.
      FOR ACCURATE TIMING INFORMATION PLEASE REFER TO THE TRACE REPORT
      GENERATED AFTER PLACE-and-ROUTE.

Clock Information:
------------------
-----------------------------------+------------------------+-------+
Clock Signal                       | Clock buffer(FF name)  | Load  |
-----------------------------------+------------------------+-------+
divisor0/clk_out                   | NONE(data_out_0)       | 8     |
clk_100MHz                         | NONE(divisor0/clk_out) | 28    |
-----------------------------------+------------------------+-------+
INFO:Xst:2169 - HDL ADVISOR - Some clock signals were not automatically buffered by XST with BUFG/BUFR resources. Please use the buffer_type constraint in order to insert these buffers to the clock signals to help prevent skew problems.

Asynchronous Control Signals Information:
----------------------------------------
No asynchronous control signals found in this design

Timing Summary:
---------------
Speed Grade: -3

   Minimum period: 3.248ns (Maximum Frequency: 307.910MHz)
   Minimum input arrival time before clock: 1.492ns
   Maximum output required time after clock: 0.447ns
   Maximum combinational path delay: No path found

Timing Details:
---------------
All values displayed in nanoseconds (ns)

=========================================================================
Timing constraint: Default period analysis for Clock 'clk_100MHz'
  Clock period: 3.248ns (frequency: 307.910MHz)
  Total number of paths / destination ports: 1135 / 28
-------------------------------------------------------------------------
Delay:               3.248ns (Levels of Logic = 2)
  Source:            divisor0/counter_16 (FF)
  Destination:       divisor0/counter_21 (FF)
  Source Clock:      clk_100MHz rising
  Destination Clock: clk_100MHz rising

  Data Path: divisor0/counter_16 to divisor0/counter_21
                                Gate     Net
    Cell:in->out      fanout   Delay   Delay  Logical Name (Net Name)
    ----------------------------------------  ------------
     FD:C->Q               3   0.447   1.015  divisor0/counter_16 (divisor0/counter_16)
     LUT6:I0->O           13   0.203   1.277  divisor0/GND_2_o_GND_2_o_equal_2_o<26>4_1 (divisor0/GND_2_o_GND_2_o_equal_2_o<26>41)
     LUT6:I1->O            1   0.203   0.000  divisor0/counter_21_rstpot (divisor0/counter_21_rstpot)
     FD:D                      0.102          divisor0/counter_21
    ----------------------------------------
    Total                      3.248ns (0.955ns logic, 2.293ns route)
                                       (29.4% logic, 70.6% route)

=========================================================================
Timing constraint: Default OFFSET IN BEFORE for Clock 'divisor0/clk_out'
  Total number of paths / destination ports: 44 / 16
-------------------------------------------------------------------------
Offset:              1.492ns (Levels of Logic = 2)
  Source:            data_in<1> (PAD)
  Destination:       data_out_6 (FF)
  Destination Clock: divisor0/clk_out rising

  Data Path: data_in<1> to data_out_6
                                Gate     Net
    Cell:in->out      fanout   Delay   Delay  Logical Name (Net Name)
    ----------------------------------------  ------------
     LUT6:I0->O            2   0.203   0.617  Msub_GND_1_o_GND_1_o_sub_2_OUT<7:0>_cy<5>11 (Msub_GND_1_o_GND_1_o_sub_2_OUT<7:0>_cy<5>)
     LUT2:I1->O            1   0.205   0.000  Msub_GND_1_o_GND_1_o_sub_2_OUT<7:0>_xor<6>11 (GND_1_o_GND_1_o_sub_2_OUT<6>)
     FDE:D                     0.102          data_out_6
    ----------------------------------------
    Total                      1.492ns (0.875ns logic, 0.617ns route)
                                       (58.6% logic, 41.4% route)

=========================================================================
Timing constraint: Default OFFSET OUT AFTER for Clock 'divisor0/clk_out'
  Total number of paths / destination ports: 8 / 8
-------------------------------------------------------------------------
Offset:              0.447ns (Levels of Logic = 0)
  Source:            data_out_7 (FF)
  Destination:       data_out<7> (PAD)
  Source Clock:      divisor0/clk_out rising

  Data Path: data_out_7 to data_out<7>
                                Gate     Net
    Cell:in->out      fanout   Delay   Delay  Logical Name (Net Name)
    ----------------------------------------  ------------
     FDE:C->Q              0   0.447   0.000  data_out_7 (data_out_7)
    ----------------------------------------
    Total                      0.447ns (0.447ns logic, 0.000ns route)
                                       (100.0% logic, 0.0% route)

=========================================================================

Cross Clock Domains Report:
--------------------------

Clock to Setup on destination clock clk_100MHz
---------------+---------+---------+---------+---------+
               | Src:Rise| Src:Fall| Src:Rise| Src:Fall|
Source Clock   |Dest:Rise|Dest:Rise|Dest:Fall|Dest:Fall|
---------------+---------+---------+---------+---------+
clk_100MHz     |    3.248|         |         |         |
---------------+---------+---------+---------+---------+

=========================================================================


Total REAL time to Xst completion: 6.00 secs
Total CPU time to Xst completion: 5.87 secs
 
--> 


Total memory usage is 384372 kilobytes

Number of errors   :    0 (   0 filtered)
Number of warnings :    2 (   0 filtered)
Number of infos    :    1 (   0 filtered)

